<?xml version="1.0" encoding="UTF-8"?>
<!-- Generated by org.testng.reporters.JUnitReportReporter -->
<testsuite hostname="LEON-LT-181010E" name="TestAutomation.AutomationJava" tests="1" failures="0" timestamp="3 Apr 2019 17:38:43 GMT" time="14.746" errors="0">
  <testcase name="OpenPage" time="14.746" classname="TestAutomation.AutomationJava"/>
</testsuite> <!-- TestAutomation.AutomationJava -->
