<?xml version="1.0" encoding="UTF-8"?>
<!-- Generated by org.testng.reporters.JUnitReportReporter -->
<testsuite hostname="LEON-LT-181010E" name="TestAutomation.AutomationJava" tests="1" failures="0" timestamp="12 Mar 2019 22:30:34 GMT" time="45.399" errors="0">
  <testcase name="OpenPage" time="45.399" classname="TestAutomation.AutomationJava"/>
</testsuite> <!-- TestAutomation.AutomationJava -->
